<?xml version="1.0" encoding="UTF-8"?>
<!-- Generated by org.testng.reporters.JUnitXMLReporter -->
<testsuite ignored="1" hostname="DESKTOP-5B09V89" failures="1" tests="2" name="Test" time="22.6" errors="0" timestamp="2025-06-25T15:12:31 IST">
  <testcase classname="testCases.TC001_AccountRegistrationTest" name="verify_Account_Registration" time="3.345"/>
  <testcase classname="testCases.TC002_LoginTest" name="VerifyLogin" time="13.098">
    <failure type="java.lang.AssertionError" message="expected [true] but found [false]">
      <![CDATA[java.lang.AssertionError: expected [true] but found [false]
at testCases.TC002_LoginTest.VerifyLogin(TC002_LoginTest.java:31)
at java.base/java.util.ArrayList.forEach(ArrayList.java:1596)
... Removed 29 stack frames]]>
    </failure>
  </testcase> <!-- VerifyLogin -->
  <testcase classname="testCases.TC003_LoginTestDDT" name="Verify_LoginDDT" time="0.0">
    <ignored/>
  </testcase> <!-- Verify_LoginDDT -->
</testsuite> <!-- Test -->
